# JRE version: Java(TM) SE Runtime Environment (8.0_202-b08) (build 1.8.0_202-b08)
# Java VM: Java HotSpot(TM) 64-Bit Server VM (25.202-b08 mixed mode windows-amd64 compressed oops)
Heap:
 PSYoungGen      total 198144K, used 10957K [0x00000000d6100000, 0x00000000e3180000, 0x0000000100000000)
  eden space 185856K, 5% used [0x00000000d6100000,0x00000000d6bb3708,0x00000000e1680000)
  from space 12288K, 0% used [0x00000000e2580000,0x00000000e2580000,0x00000000e3180000)
  to   space 13824K, 0% used [0x00000000e1680000,0x00000000e1680000,0x00000000e2400000)
 ParOldGen       total 50688K, used 24282K [0x0000000082200000, 0x0000000085380000, 0x00000000d6100000)
  object space 50688K, 47% used [0x0000000082200000,0x00000000839b68c8,0x0000000085380000)
 Metaspace       used 41580K, capacity 44493K, committed 44752K, reserved 1099776K
  class space    used 5796K, capacity 6368K, committed 6400K, reserved 1048576K
GC Heap History (10 events):
Event: 9.515 GC heap before
{Heap before GC invocations=19 (full 5):
 PSYoungGen      total 198144K, used 384K [0x00000000d6100000, 0x00000000e3180000, 0x0000000100000000)
  eden space 185856K, 0% used [0x00000000d6100000,0x00000000d6100000,0x00000000e1680000)
  from space 12288K, 3% used [0x00000000e2580000,0x00000000e25e0000,0x00000000e3180000)
  to   space 13824K, 0% used [0x00000000e1680000,0x00000000e1680000,0x00000000e2400000)
 ParOldGen       total 50688K, used 24417K [0x0000000082200000, 0x0000000085380000, 0x00000000d6100000)
  object space 50688K, 48% used [0x0000000082200000,0x00000000839d8788,0x0000000085380000)
 Metaspace       used 40925K, capacity 43779K, committed 43984K, reserved 1103872K
  class space    used 5705K, capacity 6287K, committed 6400K, reserved 1048576K
Event: 9.592 GC heap after
Heap after GC invocations=19 (full 5):
 PSYoungGen      total 198144K, used 0K [0x00000000d6100000, 0x00000000e3180000, 0x0000000100000000)
  eden space 185856K, 0% used [0x00000000d6100000,0x00000000d6100000,0x00000000e1680000)
  from space 12288K, 0% used [0x00000000e2580000,0x00000000e2580000,0x00000000e3180000)
  to   space 13824K, 0% used [0x00000000e1680000,0x00000000e1680000,0x00000000e2400000)
 ParOldGen       total 50688K, used 24343K [0x0000000082200000, 0x0000000085380000, 0x00000000d6100000)
  object space 50688K, 48% used [0x0000000082200000,0x00000000839c5ea0,0x0000000085380000)
 Metaspace       used 40925K, capacity 43779K, committed 43984K, reserved 1095680K
  class space    used 5705K, capacity 6287K, committed 6400K, reserved 1048576K
}
Event: 9.613 GC heap before
{Heap before GC invocations=20 (full 5):
 PSYoungGen      total 198144K, used 6536K [0x00000000d6100000, 0x00000000e3180000, 0x0000000100000000)
  eden space 185856K, 3% used [0x00000000d6100000,0x00000000d6762388,0x00000000e1680000)
  from space 12288K, 0% used [0x00000000e2580000,0x00000000e2580000,0x00000000e3180000)
  to   space 13824K, 0% used [0x00000000e1680000,0x00000000e1680000,0x00000000e2400000)
 ParOldGen       total 50688K, used 24343K [0x0000000082200000, 0x0000000085380000, 0x00000000d6100000)
  object space 50688K, 48% used [0x0000000082200000,0x00000000839c5ea0,0x0000000085380000)
 Metaspace       used 41135K, capacity 44069K, committed 44240K, reserved 1099776K
  class space    used 5735K, capacity 6334K, committed 6400K, reserved 1048576K
Event: 9.616 GC heap after
Heap after GC invocations=20 (full 5):
 PSYoungGen      total 199680K, used 372K [0x00000000d6100000, 0x00000000e3180000, 0x0000000100000000)
  eden space 185856K, 0% used [0x00000000d6100000,0x00000000d6100000,0x00000000e1680000)
  from space 13824K, 2% used [0x00000000e1680000,0x00000000e16dd090,0x00000000e2400000)
  to   space 12288K, 0% used [0x00000000e2580000,0x00000000e2580000,0x00000000e3180000)
 ParOldGen       total 50688K, used 24343K [0x0000000082200000, 0x0000000085380000, 0x00000000d6100000)
  object space 50688K, 48% used [0x0000000082200000,0x00000000839c5ea0,0x0000000085380000)
 Metaspace       used 41135K, capacity 44069K, committed 44240K, reserved 1099776K
  class space    used 5735K, capacity 6334K, committed 6400K, reserved 1048576K
}
Event: 9.616 GC heap before
{Heap before GC invocations=21 (full 6):
 PSYoungGen      total 199680K, used 372K [0x00000000d6100000, 0x00000000e3180000, 0x0000000100000000)
  eden space 185856K, 0% used [0x00000000d6100000,0x00000000d6100000,0x00000000e1680000)
  from space 13824K, 2% used [0x00000000e1680000,0x00000000e16dd090,0x00000000e2400000)
  to   space 12288K, 0% used [0x00000000e2580000,0x00000000e2580000,0x00000000e3180000)
 ParOldGen       total 50688K, used 24343K [0x0000000082200000, 0x0000000085380000, 0x00000000d6100000)
  object space 50688K, 48% used [0x0000000082200000,0x00000000839c5ea0,0x0000000085380000)
 Metaspace       used 41135K, capacity 44069K, committed 44240K, reserved 1099776K
  class space    used 5735K, capacity 6334K, committed 6400K, reserved 1048576K
Event: 9.688 GC heap after
Heap after GC invocations=21 (full 6):
 PSYoungGen      total 199680K, used 0K [0x00000000d6100000, 0x00000000e3180000, 0x0000000100000000)
  eden space 185856K, 0% used [0x00000000d6100000,0x00000000d6100000,0x00000000e1680000)
  from space 13824K, 0% used [0x00000000e1680000,0x00000000e1680000,0x00000000e2400000)
  to   space 12288K, 0% used [0x00000000e2580000,0x00000000e2580000,0x00000000e3180000)
 ParOldGen       total 50688K, used 24362K [0x0000000082200000, 0x0000000085380000, 0x00000000d6100000)
  object space 50688K, 48% used [0x0000000082200000,0x00000000839cabe8,0x0000000085380000)
 Metaspace       used 41135K, capacity 44069K, committed 44240K, reserved 1097728K
  class space    used 5735K, capacity 6334K, committed 6400K, reserved 1048576K
}
Event: 9.690 GC heap before
{Heap before GC invocations=22 (full 6):
 PSYoungGen      total 199680K, used 5147K [0x00000000d6100000, 0x00000000e3180000, 0x0000000100000000)
  eden space 185856K, 2% used [0x00000000d6100000,0x00000000d6606d88,0x00000000e1680000)
  from space 13824K, 0% used [0x00000000e1680000,0x00000000e1680000,0x00000000e2400000)
  to   space 12288K, 0% used [0x00000000e2580000,0x00000000e2580000,0x00000000e3180000)
 ParOldGen       total 50688K, used 24362K [0x0000000082200000, 0x0000000085380000, 0x00000000d6100000)
  object space 50688K, 48% used [0x0000000082200000,0x00000000839cabe8,0x0000000085380000)
 Metaspace       used 41135K, capacity 44069K, committed 44240K, reserved 1101824K
  class space    used 5735K, capacity 6334K, committed 6400K, reserved 1048576K
Event: 9.692 GC heap after
Heap after GC invocations=22 (full 6):
 PSYoungGen      total 198144K, used 256K [0x00000000d6100000, 0x00000000e3180000, 0x0000000100000000)
  eden space 185856K, 0% used [0x00000000d6100000,0x00000000d6100000,0x00000000e1680000)
  from space 12288K, 2% used [0x00000000e2580000,0x00000000e25c0000,0x00000000e3180000)
  to   space 13824K, 0% used [0x00000000e1680000,0x00000000e1680000,0x00000000e2400000)
 ParOldGen       total 50688K, used 24362K [0x0000000082200000, 0x0000000085380000, 0x00000000d6100000)
  object space 50688K, 48% used [0x0000000082200000,0x00000000839cabe8,0x0000000085380000)
 Metaspace       used 41135K, capacity 44069K, committed 44240K, reserved 1101824K
  class space    used 5735K, capacity 6334K, committed 6400K, reserved 1048576K
}
Event: 9.692 GC heap before
{Heap before GC invocations=23 (full 7):
 PSYoungGen      total 198144K, used 256K [0x00000000d6100000, 0x00000000e3180000, 0x0000000100000000)
  eden space 185856K, 0% used [0x00000000d6100000,0x00000000d6100000,0x00000000e1680000)
  from space 12288K, 2% used [0x00000000e2580000,0x00000000e25c0000,0x00000000e3180000)
  to   space 13824K, 0% used [0x00000000e1680000,0x00000000e1680000,0x00000000e2400000)
 ParOldGen       total 50688K, used 24362K [0x0000000082200000, 0x0000000085380000, 0x00000000d6100000)
  object space 50688K, 48% used [0x0000000082200000,0x00000000839cabe8,0x0000000085380000)
 Metaspace       used 41135K, capacity 44069K, committed 44240K, reserved 1101824K
  class space    used 5735K, capacity 6334K, committed 6400K, reserved 1048576K
Event: 9.809 GC heap after
Heap after GC invocations=23 (full 7):
 PSYoungGen      total 198144K, used 0K [0x00000000d6100000, 0x00000000e3180000, 0x0000000100000000)
  eden space 185856K, 0% used [0x00000000d6100000,0x00000000d6100000,0x00000000e1680000)
  from space 12288K, 0% used [0x00000000e2580000,0x00000000e2580000,0x00000000e3180000)
  to   space 13824K, 0% used [0x00000000e1680000,0x00000000e1680000,0x00000000e2400000)
 ParOldGen       total 50688K, used 24282K [0x0000000082200000, 0x0000000085380000, 0x00000000d6100000)
  object space 50688K, 47% used [0x0000000082200000,0x00000000839b68c8,0x0000000085380000)
 Metaspace       used 41135K, capacity 44069K, committed 44240K, reserved 1097728K
  class space    used 5735K, capacity 6334K, committed 6400K, reserved 1048576K
}

