# JRE version: Java(TM) SE Runtime Environment (8.0_202-b08) (build 1.8.0_202-b08)
# Java VM: Java HotSpot(TM) 64-Bit Server VM (25.202-b08 mixed mode windows-amd64 compressed oops)
Heap:
 PSYoungGen      total 142336K, used 10950K [0x00000000d6100000, 0x00000000df700000, 0x0000000100000000)
  eden space 131072K, 8% used [0x00000000d6100000,0x00000000d6bb18e8,0x00000000de100000)
  from space 11264K, 0% used [0x00000000de100000,0x00000000de100000,0x00000000dec00000)
  to   space 11264K, 0% used [0x00000000dec00000,0x00000000dec00000,0x00000000df700000)
 ParOldGen       total 89088K, used 20537K [0x0000000082200000, 0x0000000087900000, 0x00000000d6100000)
  object space 89088K, 23% used [0x0000000082200000,0x000000008360e680,0x0000000087900000)
 Metaspace       used 40035K, capacity 42722K, committed 43048K, reserved 1089536K
  class space    used 5602K, capacity 6104K, committed 6184K, reserved 1048576K
GC Heap History (10 events):
Event: 8.964 GC heap before
{Heap before GC invocations=14 (full 3):
 PSYoungGen      total 142336K, used 6576K [0x00000000d6100000, 0x00000000df700000, 0x0000000100000000)
  eden space 131072K, 0% used [0x00000000d6100000,0x00000000d6100000,0x00000000de100000)
  from space 11264K, 58% used [0x00000000de100000,0x00000000de76c258,0x00000000dec00000)
  to   space 11264K, 0% used [0x00000000dec00000,0x00000000dec00000,0x00000000df700000)
 ParOldGen       total 89088K, used 21769K [0x0000000082200000, 0x0000000087900000, 0x00000000d6100000)
  object space 89088K, 24% used [0x0000000082200000,0x00000000837424f8,0x0000000087900000)
 Metaspace       used 38478K, capacity 41222K, committed 41384K, reserved 1089536K
  class space    used 5437K, capacity 5976K, committed 6056K, reserved 1048576K
Event: 9.281 GC heap after
Heap after GC invocations=14 (full 3):
 PSYoungGen      total 142336K, used 0K [0x00000000d6100000, 0x00000000df700000, 0x0000000100000000)
  eden space 131072K, 0% used [0x00000000d6100000,0x00000000d6100000,0x00000000de100000)
  from space 11264K, 0% used [0x00000000de100000,0x00000000de100000,0x00000000dec00000)
  to   space 11264K, 0% used [0x00000000dec00000,0x00000000dec00000,0x00000000df700000)
 ParOldGen       total 89088K, used 26242K [0x0000000082200000, 0x0000000087900000, 0x00000000d6100000)
  object space 89088K, 29% used [0x0000000082200000,0x0000000083ba0ad8,0x0000000087900000)
 Metaspace       used 38478K, capacity 41222K, committed 41384K, reserved 1087488K
  class space    used 5437K, capacity 5976K, committed 6056K, reserved 1048576K
}
Event: 9.282 GC heap before
{Heap before GC invocations=15 (full 3):
 PSYoungGen      total 142336K, used 0K [0x00000000d6100000, 0x00000000df700000, 0x0000000100000000)
  eden space 131072K, 0% used [0x00000000d6100000,0x00000000d6100000,0x00000000de100000)
  from space 11264K, 0% used [0x00000000de100000,0x00000000de100000,0x00000000dec00000)
  to   space 11264K, 0% used [0x00000000dec00000,0x00000000dec00000,0x00000000df700000)
 ParOldGen       total 89088K, used 26242K [0x0000000082200000, 0x0000000087900000, 0x00000000d6100000)
  object space 89088K, 29% used [0x0000000082200000,0x0000000083ba0ad8,0x0000000087900000)
 Metaspace       used 38478K, capacity 41222K, committed 41384K, reserved 1091584K
  class space    used 5437K, capacity 5976K, committed 6056K, reserved 1048576K
Event: 9.285 GC heap after
Heap after GC invocations=15 (full 3):
 PSYoungGen      total 142336K, used 0K [0x00000000d6100000, 0x00000000df700000, 0x0000000100000000)
  eden space 131072K, 0% used [0x00000000d6100000,0x00000000d6100000,0x00000000de100000)
  from space 11264K, 0% used [0x00000000dec00000,0x00000000dec00000,0x00000000df700000)
  to   space 11264K, 0% used [0x00000000de100000,0x00000000de100000,0x00000000dec00000)
 ParOldGen       total 89088K, used 26242K [0x0000000082200000, 0x0000000087900000, 0x00000000d6100000)
  object space 89088K, 29% used [0x0000000082200000,0x0000000083ba0ad8,0x0000000087900000)
 Metaspace       used 38478K, capacity 41222K, committed 41384K, reserved 1091584K
  class space    used 5437K, capacity 5976K, committed 6056K, reserved 1048576K
}
Event: 9.285 GC heap before
{Heap before GC invocations=16 (full 4):
 PSYoungGen      total 142336K, used 0K [0x00000000d6100000, 0x00000000df700000, 0x0000000100000000)
  eden space 131072K, 0% used [0x00000000d6100000,0x00000000d6100000,0x00000000de100000)
  from space 11264K, 0% used [0x00000000dec00000,0x00000000dec00000,0x00000000df700000)
  to   space 11264K, 0% used [0x00000000de100000,0x00000000de100000,0x00000000dec00000)
 ParOldGen       total 89088K, used 26242K [0x0000000082200000, 0x0000000087900000, 0x00000000d6100000)
  object space 89088K, 29% used [0x0000000082200000,0x0000000083ba0ad8,0x0000000087900000)
 Metaspace       used 38478K, capacity 41222K, committed 41384K, reserved 1091584K
  class space    used 5437K, capacity 5976K, committed 6056K, reserved 1048576K
Event: 9.529 GC heap after
Heap after GC invocations=16 (full 4):
 PSYoungGen      total 142336K, used 0K [0x00000000d6100000, 0x00000000df700000, 0x0000000100000000)
  eden space 131072K, 0% used [0x00000000d6100000,0x00000000d6100000,0x00000000de100000)
  from space 11264K, 0% used [0x00000000dec00000,0x00000000dec00000,0x00000000df700000)
  to   space 11264K, 0% used [0x00000000de100000,0x00000000de100000,0x00000000dec00000)
 ParOldGen       total 89088K, used 22845K [0x0000000082200000, 0x0000000087900000, 0x00000000d6100000)
  object space 89088K, 25% used [0x0000000082200000,0x000000008384f5f8,0x0000000087900000)
 Metaspace       used 38244K, capacity 40844K, committed 41384K, reserved 1087488K
  class space    used 5398K, capacity 5905K, committed 6056K, reserved 1048576K
}
Event: 9.646 GC heap before
{Heap before GC invocations=17 (full 4):
 PSYoungGen      total 142336K, used 54920K [0x00000000d6100000, 0x00000000df700000, 0x0000000100000000)
  eden space 131072K, 41% used [0x00000000d6100000,0x00000000d96a2258,0x00000000de100000)
  from space 11264K, 0% used [0x00000000dec00000,0x00000000dec00000,0x00000000df700000)
  to   space 11264K, 0% used [0x00000000de100000,0x00000000de100000,0x00000000dec00000)
 ParOldGen       total 89088K, used 22845K [0x0000000082200000, 0x0000000087900000, 0x00000000d6100000)
  object space 89088K, 25% used [0x0000000082200000,0x000000008384f5f8,0x0000000087900000)
 Metaspace       used 39204K, capacity 41880K, committed 42152K, reserved 1091584K
  class space    used 5516K, capacity 6009K, committed 6056K, reserved 1048576K
Event: 9.649 GC heap after
Heap after GC invocations=17 (full 4):
 PSYoungGen      total 142336K, used 1960K [0x00000000d6100000, 0x00000000df700000, 0x0000000100000000)
  eden space 131072K, 0% used [0x00000000d6100000,0x00000000d6100000,0x00000000de100000)
  from space 11264K, 17% used [0x00000000de100000,0x00000000de2ea090,0x00000000dec00000)
  to   space 11264K, 0% used [0x00000000dec00000,0x00000000dec00000,0x00000000df700000)
 ParOldGen       total 89088K, used 22853K [0x0000000082200000, 0x0000000087900000, 0x00000000d6100000)
  object space 89088K, 25% used [0x0000000082200000,0x00000000838515f8,0x0000000087900000)
 Metaspace       used 39204K, capacity 41880K, committed 42152K, reserved 1091584K
  class space    used 5516K, capacity 6009K, committed 6056K, reserved 1048576K
}
Event: 9.649 GC heap before
{Heap before GC invocations=18 (full 5):
 PSYoungGen      total 142336K, used 1960K [0x00000000d6100000, 0x00000000df700000, 0x0000000100000000)
  eden space 131072K, 0% used [0x00000000d6100000,0x00000000d6100000,0x00000000de100000)
  from space 11264K, 17% used [0x00000000de100000,0x00000000de2ea090,0x00000000dec00000)
  to   space 11264K, 0% used [0x00000000dec00000,0x00000000dec00000,0x00000000df700000)
 ParOldGen       total 89088K, used 22853K [0x0000000082200000, 0x0000000087900000, 0x00000000d6100000)
  object space 89088K, 25% used [0x0000000082200000,0x00000000838515f8,0x0000000087900000)
 Metaspace       used 39204K, capacity 41880K, committed 42152K, reserved 1091584K
  class space    used 5516K, capacity 6009K, committed 6056K, reserved 1048576K
Event: 9.694 GC heap after
Heap after GC invocations=18 (full 5):
 PSYoungGen      total 142336K, used 0K [0x00000000d6100000, 0x00000000df700000, 0x0000000100000000)
  eden space 131072K, 0% used [0x00000000d6100000,0x00000000d6100000,0x00000000de100000)
  from space 11264K, 0% used [0x00000000de100000,0x00000000de100000,0x00000000dec00000)
  to   space 11264K, 0% used [0x00000000dec00000,0x00000000dec00000,0x00000000df700000)
 ParOldGen       total 89088K, used 20537K [0x0000000082200000, 0x0000000087900000, 0x00000000d6100000)
  object space 89088K, 23% used [0x0000000082200000,0x000000008360e680,0x0000000087900000)
 Metaspace       used 39204K, capacity 41880K, committed 42152K, reserved 1089536K
  class space    used 5516K, capacity 6009K, committed 6056K, reserved 1048576K
}

